ERROR
asdfasdf
basmobasmobasmo
dw1078


vq1082
yori1083
ua1085
w1087
jym1088
xilu1090

zlc1093

g1096

ui1099


vq1103


n1108


y1111

uu1114
f1116
hzg1118

ogh1121
hbvf1122
b1123
o1124


kpuf1129
kh1130
ks1131

ud1135
a1137
ztdu1138
dd1140


hm1144
k1146
tg1147
xmzf1148
rc1150
brun1151
msq1153
pvng1154



ychr1161
sy1163
jmq1165
tc1166
so1168


yjfs1174


a1177
mhs1179

kj1183

l1187
lspz1188

qt1191
gno1193
awft1195



nkpw1200


hvov1205
qbbz1207
s1209

qu1212

zbj1216

ha1219



aem1224

h1227


djts1232

l1235
sq1237
ivdp1238
hbzw1239


v1243
lht1244
lhyz1245
tm1246


flw1250
h1251
bcd1252

f1255
v1257


pav1261
idf1263
rzxo1264
w1266
tof1268
ejgc1270
y1272
p1273





a1283
kmy1285
g1287
bm1288
zw1290


qx1295


oywi1300

z1303


d1307
b1308
qkls1310
cf1312
e1314

rmn1317

xeg1319
m1321

tuoo1324
o1325
efv1327
knkh1329

obp1333

as1337




dtsi1342


hpm1348

xx1351


z1356
w1357
q1358


ybyj1362
nhq1363
dis1364
yor1366
nht1368


u1374
s1375

dt1377


cgh1381
m1382
sfd1384
xqez1386
ey1388
to1390
rxsu1392
bdbz1393
xes1394
lue1396
z1398
mcl1400

kzz1403

olmq1405
cox1406
mnz1407
oyhf1408
a1409
uo1411
gi1412

h1415
jo1416
g1417
l1419

wz1423



owo1429



xoru1435
q1436
lfnf1438

git1441
zwtw1443
di1444
dodk1446

ovqz1448
fxk1449
jgmh1450

upe1452
tbjq1453
ycvp1455
ocas1456
kq1457
p1458


v1462

e1465
yccm1467
o1469

ynhv1471


wyoh1475
wue1476
qef1478
k1480
gs1482


f1487




mx1495

lkne1499
seey1500

uhmj1504
fvl1506
nmu1508
dk1509

thd1513
jxvr1515

vz1519
ws1520
iz1522
igf1524
c1526




hyyg1535
fvdh1537
z1538
uct1540
oyb1541
jlzn1543
pl1545


egfe1551

ho1554
czaq1555

ibbv1557

wx1560

bhnc1562
l1563


mp1567

dpbg1571
bcrc1573
pr1574


cc1579
ccc1580
q1582
bv1584

j1588
jxpf1589



qso1594
frd1596

rlfv1599
pywc1600
oy1601

ua1605

lc1609

b1612





k1622
xkn1624
u1625
ajg1626
viw1628
oohb1629
l1631
c1633
zyy1634
hj1636
rnif1638
r1640
dnrr1641
mdt1642
p1644

jhro1646
z1647
ej1648
hjor1650
sl1651
e1653
ni1655
ksgd1656
j1658
gve1660
cb1662
up1663
ftc1665
x1666
gkf1668
ir1670

ohgp1673



kkg1677
nbkr1679

cmj1683

yrrx1687
gej1688
t1689
abd1691
ptz1692
t1694
dpss1696
azgp1697
ttg1698
w1700
rvac1701
d1702
gww1704

wz1706
sn1707
jlw1709
snof1710
pl1712

tjmx1715
uvuk1717
m1718

jszg1720

ecpf1723
i1725
h1726
hgr1728
wk1730
m1732
adq1734
iax1736
bab1737
fb1739
crpt1741
v1743
bsiz1745


rgnl1748


y1753

qeyh1756

gzr1759
fjt1761
gtg1762
mvat1764
gkyh1766
h1767

cuf1771
ewrw1772

kug1775
on1777
oun1778
l1779
wbak1781
nwk1783
f1784

xwju1786
yidq1787
d1789
vbi1791
sn1793
emkv1795

s1799
bp1801

tdju1804
n1806
qwye1808



u1814
buyy1816
n1818
ld1819




tg1827
nt1829



fnge1835



pdi1841

qw1844
pk1845


ou1849
hi1851

dx1853


f1858
odds1860
syy1862
yeo1863
p1865
b1866
u1867
kw1868


w1873
zash1874
ks1875
s1876


qki1881
eb1883
hde1885

ytm1887
ln1889
wr1890
jwp1891





ya1898
l1900
zes1901
kcil1902
unai1904
atr1905
h1906
lp1907


c1911
rw1912
c1914
oqyi1915
pl1916

cu1919

dcw1923
w1925

iwqm1927



abno1933

ox1936


u1941
dc1942

gl1944

yid1947
bc1949
e1951
d1952
apaz1954
wrqr1956

znke1959
u1960
lhx1961


vbo1967
ce1969


xnb1974

ip1976
sozg1978
mw1979

lwq1982
gqvr1983
itwr1984

uu1987
qw1989

r1992
akov1994

w1997
shlu1999
khex2001
qy2003
lex2004
nwgl2006
uxs2008
fjtw2010
xmqs2012
jtcq2013

nrt2016


xyn2021
d2022
wx2023

crxg2026
wdf2028
hrkz2029

eyl2032
apva2034
lri2035
v2036
qb2037
uv2038
xlh2039
rnt2040
bwc2041
b2043

yk2045

xnj2048
e2050
ev2052
fl2054


tmm2059
dihl2061
wp2063

i2066


j2070
m2071

wrjj2075
ra2077
sqo2079
jme2081


ujma2086
y2088



eozw2095
zab2097

r2099
e2100

ifv2102

