ERROR
1true
basmobasmobasmo
abdeg
variableworldworldfalsetesttest5
wtg125
bo127
mdl128
qe129


ss134
w136
hbd138
mu139


k142
wjv144
zost145



m151

j155


had159

cxw163

seod166



nyi173

kbj175


nq180

k183
ewfg185
aq187
wbs189

qb191
t192
tgk194

jb198
a200
v202
psyq203

evne207
oed209
f210

d213
m215
wwd216

zqs220

bmy223
h225

wx227



oogl233
ntt234
fhq235
o236
ejol237
jpx238

yc241
snuj243
jyuh244


uvuk248
hpe250
n251
ajte253
gxam254


pq257
xys259


wnv263
sj265
h267




guq276

npy278



bh285
yq286
da288
cv289
lxl291

lbcb293
lbd295
urd297
n299


w303

sxp306
s308
h310
jv311


zwn315




sbpt323
si324


fqpd329
k331
smm332
ue333
hrfr335


ozu341
mjw342
juw343

ln346
kfm348
c350
hw352

mhx356
phny357
jkq359

a363
cvh365
bk366
l368
evdq369

pej371
kxk372

kbpi375
akmx377
etum379


o383

fic386

t389
g391
p393
gc395
wk396
jeev398
rtoo400
d401
sxz402
o404
vf405
uai407

jljf410
o412

huo414

r418
il420
q421




i428

nkje431
wv432


m437
n439
ekmh440
anpo441
o443
c444
lv446
m448


vmbs452
lzc454

n456



cbzi462
wnx464
wb466

sb468
ta469
qtfl470
wqqc472

tmlw476
pjil478
