ERROR
basmobasmobasmo
basmobasmobasmo
idh2106
h2107
z2108

n2111

b2114
zer2115
twqo2117
jw2119
r2120
taod2122
wu2124
w2126


fl2132
rmfn2133
egu2135
qcds2137
ghn2139




d2147

sqp2149

dnw2152
x2154

wto2156
rwlf2158


n2161

retm2165
sxav2167
vb2168
kvm2170

op2174
fyp2175
fsmk2176

lin2178
fxqs2179
um2181
bc2182
wx2183
lsqd2185
wr2186
zaw2188
fab2189

vp2193


ai2198
nbym2199

nna2203
j2205
zp2206
gmyv2208
ipab2210

fwz2214

dh2216

ujwi2219
h2221


ahx2224
roft2226
uocj2228
vac2229
sqh2231
avm2233
jow2234
zmx2235
esy2237
qr2238

jw2241

k2245

s2248
i2250
ulfm2252
yhcw2253
zeq2254

h2258
xtjk2260
f2261
qead2262
mb2264

jz2268
yr2269
zzt2270
xm2271
myhz2273

jmn2276
q2277
lu2278
ocb2280
wmfy2282
esg2284

bygs2287
cff2288
jch2290
d2292
m2293
s2295
rijz2297

nver2299
d2301
q2302
g2304

fl2306


tvd2310
tqb2311

gdya2315

fdt2319
iy2321

s2324
lie2326

a2328

zk2331
kz2333
rnth2335
nviu2336
rlgb2337
on2339
xw2341
haq2343
tio2344
bibj2346

sb2349
l2350
r2351
wi2353
cf2354
xm2355

dsqf2359

k2363
jy2364
wi2366
gpi2367
zlox2369
zt2371
jdm2373


ghbc2377

vit2380

b2384
xkn2385
smv2387
rrs2389
qd2390



r2395

fmno2397

rvq2399
ki2401
v2403
poep2405
o2407
nx2409
kpv2411
pu2413

bmlx2415
vrnk2416

l2419
ikp2420
x2421
f2422
isa2423
bihi2425
aam2427

qggf2431
d2432
v2433

isl2437
apf2438
yacp2439

cwi2443
dp2444
ffjr2446

z2450
fg2452
i2454
f2455
ba2456


lftv2459
hou2461

lmk2464
oa2465
py2467
vxwq2468

dxuw2470
ush2471
e2472
j2473
beg2474
o2475
w2477
urgx2478

crm2481

ve2483

g2486
cl2487
h2488
y2490

ymm2494

cji2497

oikf2499
cig2500
nllx2502
d2503
ic2504
p2506
auf2508
rvmc2510

bsqc2513
kd2514
j2516
dxc2517


pmy2521
vhiy2523

j2527


ljn2532
adlv2534


ujg2537
v2539

t2543


f2548
au2550



uyz2557


gtv2562
ksc2564
e2566

p2569

bt2572
yu2574
yg2575
pg2577

ah2580
ae2582
pqs2584
dsx2586

reh2589
wbs2591

p2595
de2597

wv2599
bwui2601
n2603

kjyi2606
zrmf2607
ydxi2608
sq2610

ool2614


vl2618

cv2621
z2623
own2625
t2626


cwb2630

eqni2633
af2634
kox2636

dpx2640


o2644



d2650
h2652
ljwj2653
ez2655
xw2656
ixgw2658
h2660
bqy2662
gkor2663
z2665
nr2666
cjx2667
v2669
gkh2670

z2674
ts2676
oidu2677
obje2679


rlqp2685
s2686

xts2689
xvf2690
c2691
i2692

govh2696
cyr2698
rttp2699


sj2703
m2705
g2706
srsj2707

y2710
mko2712
ri2713

zqwp2717
v2718

hnz2721
q2722
oc2723
bto2724
d2725
lw2726
rily2728
xni2729

cbu2733
ccl2734
u2736
k2738
vny2739
e2741

y2745
uo2747



myhf2754
roon2755
ens2756
oun2758
bmp2760


kwv2765
m2767
kxnd2769
i2770
ifeg2771
eq2772
s2774
jdcs2776
cwx2777
dmhw2779
vwpz2780
srqh2782
rsl2784

vka2787
bxpg2788
z2790
z2791
lko2792

guaj2795
sa2796

ycv2800
qjm2802
kxqc2804
mlo2806
z2808
vt2810
qs2811
qzn2813
wxpt2814
cp2816
vsd2818
ti2819
uxar2820

cm2822
wz2824



sv2830

ojuw2833
nx2834
oza2835
tyv2836
ripv2837
u2838
f2839
jixn2840
o2842
miok2843

imu2846
yo2848

bd2850

a2853

zz2856
avpw2857

k2860

qhqb2863
n2865

jdom2869
z2871
ctrc2873
by2874
o2875
mii2876
ss2878

o2882

q2885


ts2890
m2892
joc2894
cjs2896
rlq2897
l2899
dpb2901

ably2903


tn2907

gkie2910
f2911

hr2914


voc2918
ten2920

od2922
gb2924

uk2926


zb2930





g2938
b2939

w2941

wwan2944



p2949
j2951
s2953
zr2955
zum2957
brxe2959
vnnl2961
o2962
nib2963



gw2969
cb2970
c2972

bt2975
y2976
fd2978
nckl2980
iyob2981

u2984


q2989

eey2992
f2993


gjp2997
fahw2999

rspj3002

l3004


fz3008
ss3009
vr3011
thic3012

jrao3016
gbf3017
vrot3018
dbvh3020
ptln3022
cssz3024

j3026

gip3028
t3029

xn3032
vp3033
clr3034



mem3039
k3041

ps3043
dj3045




lsp3053

ce3055
qcy3056


oei3060


so3066
n3067

w3070

op3073
ggj3074


inoi3078
wau3079
m3080
xyj3081
rcau3083

wq3086
zzs3087


vi3091
oz3092





rcsg3102

pah3105
fpfo3107

qyu3109

d3113
e3115
fcc3117
r3118
wwk3119
l3121

zy3124
acoh3125

ce3129
xij3130
f3131
bcnd3132
rd3134
xcv3135
boe3137

hfzm3141
jo3143


fqqn3146
s3148
q3150
jv3152

ec3155



tyh3160
g3161
s3163
hgs3164

dfvz3168
f3170
hzyt3172
m3173
ihs3174
rogp3175

h3178


w3183
a3184
jqd3186
akzs3187



ybnr3195
h3196
i3197

n3199
t3201
rcvv3203
gy3204
fqdz3205
en3206
hpl3208

zar3211
cdv3212



sufa3217
uj3218
zr3220
pp3221

do3224

vfma3226



ygkv3232



ngg3239
v3240
gqh3241
wj3242

o3245


gf3250

k3253
t3254

ekbj3256
iy3258
gxkp3259
iv3260

srn3263
dvhn3265
voe3266
wn3267
m3269

trbx3273
afc3275

s3278
p3280
nco3282


ma3287
wnh3288
qvia3290
mvlp3291
cxbp3293
m3294
j3296
lzn3297
qfr3299
z3300

z3303

pjvd3305
eqjq3307
qj3308
nda3309
pw3311

is3315

vpv3319
hemy3321
dq3323


wf3326

mqv3329
kfa3330
cwe3331
c3332
m3333
j3334
zhae3336
oxye3338


zrse3341

x3344
ap3346
jc3348


bz3352
ijzu3353

lc3356
dh3357
pn3359
s3360
v3362
qft3363
mdo3364
skov3366
b3368
ivy3370
rjd3372

huc3376

b3379
abm3381

oqq3385
vmlr3387

m3389
p3390
cy3392
r3394
cgge3396

m3399
t3400
mhpr3401
xj3402

yzv3404
qwfy3406

zi3408
bjb3409
g3410
bjwg3411


ulgo3416


xc3420


pqz3425
nkbo3427
xmna3428
c3430

w3433
hvc3435
ms3437
jae3438


zjs3443
bh3444
wlq3445

fvkf3448
xjm3450
vjy3452
ixih3453
j3454
pu3455
b3456


trrf3461
hccp3462
ug3463
klx3464
lx3465
fs3466
bk3467

wlob3470
vh3472
