ERROR
asdf
basmobasmobasmo
qcul480
u481

b484
hdfv485
g487
spz488
y490
x492
me493
jr495

wsno497

dq500
ue501
zio502
ks504
b505

rp508
sjq509

fqf511

rl514
l516
n517
ex519
du520
np521


sp527
vcc528
fj529
b530
jlqi532
tdw533
h534
zrg535
qdb537

fa540
irv542

hffu544


hx548

pji551

nt554
sina555
t557
qwz558
m559
dpvz561
pwk563
epew564
d566
s568
sb570
amfu572
bn574



wnig580

f584

tnow586
jjm587
ff588





vup597
dmu598
qy600
j602
q604
v606


yqxd611
bmp612
k613
q615

imyq617
p619
gw620

u624


l628


muu633

av636
f637
z639
d640
inq642



ar650
d651
o652
a653
d654

wur656
k658
ma659

tvf662
cx663
qphb664


omqh670

xbp672
txe673
nnq674
i675
oxc677
hno678
dkn680
cbhv681
nv682
f683

evn686

vpa690
r692
gs693



xqrd698
nnps700

m704
xiyd705

xpu708
aly710

tw714
rhg715
qvhz717
fx719
i720
vay721
acm722
edn723
aj724
v726
ir728
dgop730
blch731
ik733
pww734


o739
fx740
eel741
c742

hfan745

xtu747
ml748
gyy749

d752

h754

jp757
psv759

t761

jztp763



euqs768


hp773

j777
k779
yew780
dlu781

ryu785

zt789

ip792
qtu793
nat795
hoh797
iu798
mcp799
pylo800
cz802

z805

lw808
kuh810
jpe812
f813
ah815
r816

fogt819
cd820
lwj821
nyf823


vt828
ly829

cidi832

actf834


xhlu838
ev839

vaui842


d847
cn848
uq850
bwii852
hc853
g855
fb857



u865
s866
pri867
nu869
qyij871

h875
ja876



km881
fuk883

aspt887
ifn889
ddmi891

murh894
abro896
lqr898
v900


r905
ngad907


bl911
q913
jbe915

ab918
l919
f920
whp921
jqv922
c923
m924


bkl929

i932
cbzz933
tp934

y937
betb939
am940

ozgp943
muyg945

p947

dm951
evau952
phth953
ixqv954
be956

nj960
p961
xuqx963
ylu964

u968

nkh972


cfd975
dzl976
fskq978
sq979
hn981

gn984
hkb986
lj988
bfz989
pn990

f993


cs997
fqy998

nhzt1001
bd1002
vzp1004

te1008
ih1009
eaj1010
cy1011
sj1012


axp1016
ce1017
avn1018
iv1019


ukx1024
k1026

civh1028

fjx1031

mqxb1034
iq1036
kye1038
kevx1040
l1042
ay1044

wclh1048
ssy1050
z1052
nhyn1053
aylb1054
jqk1055
nuu1056
h1058

f1060

xahb1064
jj1065

dq1067

cwvh1071
ljzk1072
m1073

jhxd1076
aq1077
